C:\Program Files\Microsoft Visual Studio\2022\Community\MSBuild\Microsoft\VC\v170\Microsoft.CppBuild.targets(510,5): warning MSB8028: The intermediate directory (x64\Debug\) contains files shared from another project (engine.vcxproj).  This can lead to incorrect clean and rebuild behavior.
  tfpch.cpp
  Log.cpp
C:\Users\spyro\Desktop\skolgrejs\Project1-spel\Tuff\src\tuff\Log.h(12,33): error C2653: 'spdlog': is not a class or namespace name
C:\Users\spyro\Desktop\skolgrejs\Project1-spel\Tuff\src\tuff\Log.h(12,41): error C2065: 'logger': undeclared identifier
C:\Users\spyro\Desktop\skolgrejs\Project1-spel\Tuff\src\tuff\Log.h(12,22): error C2923: 'std::shared_ptr': 'logger' is not a valid template type argument for parameter '_Ty'
C:\Users\spyro\Desktop\skolgrejs\Project1-spel\Tuff\src\tuff\Log.h(12): message : see declaration of 'logger'
C:\Users\spyro\Desktop\skolgrejs\Project1-spel\Tuff\src\tuff\Log.h(13,33): error C2653: 'spdlog': is not a class or namespace name
C:\Users\spyro\Desktop\skolgrejs\Project1-spel\Tuff\src\tuff\Log.h(13,41): error C2065: 'logger': undeclared identifier
C:\Users\spyro\Desktop\skolgrejs\Project1-spel\Tuff\src\tuff\Log.h(13,22): error C2923: 'std::shared_ptr': 'logger' is not a valid template type argument for parameter '_Ty'
C:\Users\spyro\Desktop\skolgrejs\Project1-spel\Tuff\src\tuff\Log.h(13): message : see declaration of 'logger'
C:\Users\spyro\Desktop\skolgrejs\Project1-spel\Tuff\src\tuff\Log.h(15,26): error C2653: 'spdlog': is not a class or namespace name
C:\Users\spyro\Desktop\skolgrejs\Project1-spel\Tuff\src\tuff\Log.h(15,34): error C2065: 'logger': undeclared identifier
C:\Users\spyro\Desktop\skolgrejs\Project1-spel\Tuff\src\tuff\Log.h(15,15): error C2923: 'std::shared_ptr': 'logger' is not a valid template type argument for parameter '_Ty'
C:\Users\spyro\Desktop\skolgrejs\Project1-spel\Tuff\src\tuff\Log.h(15): message : see declaration of 'logger'
C:\Users\spyro\Desktop\skolgrejs\Project1-spel\Tuff\src\tuff\Log.h(16,26): error C2653: 'spdlog': is not a class or namespace name
C:\Users\spyro\Desktop\skolgrejs\Project1-spel\Tuff\src\tuff\Log.h(16,34): error C2065: 'logger': undeclared identifier
C:\Users\spyro\Desktop\skolgrejs\Project1-spel\Tuff\src\tuff\Log.h(16,15): error C2923: 'std::shared_ptr': 'logger' is not a valid template type argument for parameter '_Ty'
C:\Users\spyro\Desktop\skolgrejs\Project1-spel\Tuff\src\tuff\Log.h(16): message : see declaration of 'logger'
C:\Users\spyro\Desktop\skolgrejs\Project1-spel\Tuff\src\tuff\Log.cpp(9,39): error C2371: 's_CoreLogger': redefinition; different basic types
C:\Users\spyro\Desktop\skolgrejs\Project1-spel\Tuff\src\tuff\Log.h(15): message : see declaration of 's_CoreLogger'
C:\Users\spyro\Desktop\skolgrejs\Project1-spel\Tuff\src\tuff\Log.cpp(10,40): error C2371: 's_ClientLogger': redefinition; different basic types
C:\Users\spyro\Desktop\skolgrejs\Project1-spel\Tuff\src\tuff\Log.h(16): message : see declaration of 's_ClientLogger'
C:\Users\spyro\Desktop\skolgrejs\Project1-spel\Tuff\src\tuff\Log.cpp(15,49): error C2582: 'operator =' function is unavailable in 'std::shared_ptr'
C:\Users\spyro\Desktop\skolgrejs\Project1-spel\Tuff\src\tuff\Log.cpp(16,17): error C2039: 'set_level': is not a member of 'std::shared_ptr'
C:\Program Files\Microsoft Visual Studio\2022\Community\VC\Tools\MSVC\14.30.30705\include\memory(1486): message : see declaration of 'std::shared_ptr'
C:\Users\spyro\Desktop\skolgrejs\Project1-spel\Tuff\src\tuff\Log.cpp(17,50): error C2582: 'operator =' function is unavailable in 'std::shared_ptr'
C:\Users\spyro\Desktop\skolgrejs\Project1-spel\Tuff\src\tuff\Log.cpp(18,19): error C2039: 'set_level': is not a member of 'std::shared_ptr'
C:\Program Files\Microsoft Visual Studio\2022\Community\VC\Tools\MSVC\14.30.30705\include\memory(1486): message : see declaration of 'std::shared_ptr'
  App.cpp
C:\Users\spyro\Desktop\skolgrejs\Project1-spel\Tuff\src\tuff\App.cpp(16,1): fatal error C1010: unexpected end of file while looking for precompiled header. Did you forget to add '#include "tfpch.h"' to your source?
  Generating Code...
